[debug] [2021-01-26T15:24:48.967Z] ----------------------------------------------------------------------
[debug] [2021-01-26T15:24:48.969Z] Command:       C:\Program Files\nodejs\node.exe C:\Users\Godson Pius\AppData\Roaming\npm\node_modules\firebase-tools\lib\bin\firebase.js emulators:start
[debug] [2021-01-26T15:24:48.970Z] CLI Version:   9.2.2
[debug] [2021-01-26T15:24:48.970Z] Platform:      win32
[debug] [2021-01-26T15:24:48.970Z] Node Version:  v12.18.3
[debug] [2021-01-26T15:24:48.971Z] Time:          Tue Jan 26 2021 16:24:48 GMT+0100 (West Africa Standard Time)
[debug] [2021-01-26T15:24:48.971Z] ----------------------------------------------------------------------
[debug] [2021-01-26T15:24:48.971Z] 
[debug] [2021-01-26T15:24:48.980Z] > command requires scopes: ["email","openid","https://www.googleapis.com/auth/cloudplatformprojects.readonly","https://www.googleapis.com/auth/firebase","https://www.googleapis.com/auth/cloud-platform"]
[debug] [2021-01-26T15:24:48.981Z] > authorizing via signed-in user
[info] i  emulators: Starting emulators: functions, hosting {"metadata":{"emulator":{"name":"hub"},"message":"Starting emulators: functions, hosting"}}
[warn] !  emulators: It seems that you are running multiple instances of the emulator suite for project challenge-9e36d. This may result in unexpected behavior. 
[debug] [2021-01-26T15:24:51.096Z] [hub] writing locator at C:\Users\GODSON~1\AppData\Local\Temp\hub-challenge-9e36d.json
[warn] !  functions: The following emulators are not running, calls to these services from the Functions emulator will affect production: auth, firestore, database, pubsub {"metadata":{"emulator":{"name":"functions"},"message":"The following emulators are not running, calls to these services from the Functions emulator will affect production: \u001b[1mauth, firestore, database, pubsub\u001b[22m"}}
[info] +  functions: Using node@12 from host. {"metadata":{"emulator":{"name":"functions"},"message":"Using node@12 from host."}}
[debug] [2021-01-26T15:24:53.237Z] defaultcredentials: writing to file C:\Users\Godson Pius\AppData\Roaming\firebase\godsonazubuike15_gmail_com_application_default_credentials.json
[debug] [2021-01-26T15:24:53.346Z] Setting GAC to C:\Users\Godson Pius\AppData\Roaming\firebase\godsonazubuike15_gmail_com_application_default_credentials.json {"metadata":{"emulator":{"name":"functions"},"message":"Setting GAC to C:\\Users\\Godson Pius\\AppData\\Roaming\\firebase\\godsonazubuike15_gmail_com_application_default_credentials.json"}}
[debug] [2021-01-26T15:24:53.365Z] > refreshing access token with scopes: []
[debug] [2021-01-26T15:24:53.368Z] >>> HTTP REQUEST POST https://www.googleapis.com/oauth2/v3/token  
 <request body omitted>
[debug] [2021-01-26T15:24:54.198Z] <<< HTTP RESPONSE 200 {"cache-control":"no-cache, no-store, max-age=0, must-revalidate","pragma":"no-cache","expires":"Mon, 01 Jan 1990 00:00:00 GMT","date":"Tue, 26 Jan 2021 15:24:55 GMT","content-type":"application/json; charset=utf-8","vary":"X-Origin, Referer, Origin,Accept-Encoding","server":"scaffolding on HTTPServer2","x-xss-protection":"0","x-frame-options":"SAMEORIGIN","x-content-type-options":"nosniff","alt-svc":"h3-29=\":443\"; ma=2592000,h3-T051=\":443\"; ma=2592000,h3-Q050=\":443\"; ma=2592000,h3-Q046=\":443\"; ma=2592000,h3-Q043=\":443\"; ma=2592000,quic=\":443\"; ma=2592000; v=\"46,43\"","accept-ranges":"none","transfer-encoding":"chunked"}
[debug] [2021-01-26T15:24:55.132Z] >>> [apiv2][query] GET https://firebase.googleapis.com/v1beta1/projects/challenge-9e36d/adminSdkConfig [none]
[debug] [2021-01-26T15:24:56.226Z] <<< [apiv2][status] GET https://firebase.googleapis.com/v1beta1/projects/challenge-9e36d/adminSdkConfig 200
[debug] [2021-01-26T15:24:56.226Z] <<< [apiv2][body] GET https://firebase.googleapis.com/v1beta1/projects/challenge-9e36d/adminSdkConfig {"projectId":"challenge-9e36d","storageBucket":"challenge-9e36d.appspot.com","locationId":"us-central"}
[debug] [2021-01-26T15:24:58.853Z] >>> [apiv2][query] GET https://firebase.googleapis.com/v1beta1/projects/challenge-9e36d/webApps/-/config [none]
[debug] [2021-01-26T15:25:00.679Z] <<< [apiv2][status] GET https://firebase.googleapis.com/v1beta1/projects/challenge-9e36d/webApps/-/config 200
[debug] [2021-01-26T15:25:00.679Z] <<< [apiv2][body] GET https://firebase.googleapis.com/v1beta1/projects/challenge-9e36d/webApps/-/config {"projectId":"challenge-9e36d","appId":"1:1037217237350:web:7573283f8473adebfae0a7","storageBucket":"challenge-9e36d.appspot.com","locationId":"us-central","apiKey":"AIzaSyA-SwDNX6w0O9wZDX-B4HtrRb78oTsvSaQ","authDomain":"challenge-9e36d.firebaseapp.com","messagingSenderId":"1037217237350","measurementId":"G-SRMK4P0HZP"}
[info] i  hosting: Serving hosting files from: BUILD {"metadata":{"emulator":{"name":"hosting"},"message":"Serving hosting files from: \u001b[1mBUILD\u001b[22m"}}
[info] +  hosting: Local server: http://localhost:5000 {"metadata":{"emulator":{"name":"hosting"},"message":"Local server: \u001b[4m\u001b[1mhttp://localhost:5000\u001b[22m\u001b[24m"}}
[warn] !  ui: Emulator UI unable to start on port 4000, starting on 4001 instead. {"metadata":{"emulator":{"name":"ui"},"message":"Emulator UI unable to start on port 4000, starting on 4001 instead."}}
[debug] [2021-01-26T15:25:03.350Z] Ignoring unsupported arg: auto_download {"metadata":{"emulator":{"name":"ui"},"message":"Ignoring unsupported arg: auto_download"}}
[debug] [2021-01-26T15:25:03.350Z] Ignoring unsupported arg: port {"metadata":{"emulator":{"name":"ui"},"message":"Ignoring unsupported arg: port"}}
[debug] [2021-01-26T15:25:03.350Z] Starting Emulator UI with command {"binary":"node","args":["C:\\Users\\Godson Pius\\.cache\\firebase\\emulators\\ui-v1.4.1\\server.bundle.js"],"optionalArgs":[],"joinArgs":false} {"metadata":{"emulator":{"name":"ui"},"message":"Starting Emulator UI with command {\"binary\":\"node\",\"args\":[\"C:\\\\Users\\\\Godson Pius\\\\.cache\\\\firebase\\\\emulators\\\\ui-v1.4.1\\\\server.bundle.js\"],\"optionalArgs\":[],\"joinArgs\":false}"}}
[info] i  ui: Emulator UI logging to ui-debug.log {"metadata":{"emulator":{"name":"ui"},"message":"Emulator UI logging to \u001b[1mui-debug.log\u001b[22m"}}
[debug] [2021-01-26T15:25:03.689Z] Web / API server started at http://localhost:4001
 {"metadata":{"emulator":{"name":"ui"},"message":"Web / API server started at http://localhost:4001\n"}}
[info] i  functions: Watching "C:\ReactProjects\amazon-clone\functions" for Cloud Functions... {"metadata":{"emulator":{"name":"functions"},"message":"Watching \"C:\\ReactProjects\\amazon-clone\\functions\" for Cloud Functions..."}}
[debug] [2021-01-26T15:25:03.879Z] [worker-pool] addWorker(~diagnostic~) {"metadata":{"emulator":{"name":"functions"},"message":"[worker-pool] addWorker(~diagnostic~)"}}
[debug] [2021-01-26T15:25:03.880Z] [worker-pool] Adding worker with key ~diagnostic~, total=1 {"metadata":{"emulator":{"name":"functions"},"message":"[worker-pool] Adding worker with key ~diagnostic~, total=1"}}
[debug] [2021-01-26T15:25:03.880Z] [worker-pool] submitWork(triggerId=) {"metadata":{"emulator":{"name":"functions"},"message":"[worker-pool] submitWork(triggerId=)"}}
[debug] [2021-01-26T15:25:03.881Z] [worker-~diagnostic~-d241cc16-26d6-4c16-8a61-93781be292b4]: Assigning socketPath: \\?\pipe\C:\ReactProjects\amazon-clone\functions\7576 {"metadata":{"emulator":{"name":"functions"},"message":"[worker-~diagnostic~-d241cc16-26d6-4c16-8a61-93781be292b4]: Assigning socketPath: \\\\?\\pipe\\C:\\ReactProjects\\amazon-clone\\functions\\7576"}}
[debug] [2021-01-26T15:25:03.881Z] [worker-~diagnostic~-d241cc16-26d6-4c16-8a61-93781be292b4]: BUSY {"metadata":{"emulator":{"name":"functions"},"message":"[worker-~diagnostic~-d241cc16-26d6-4c16-8a61-93781be292b4]: BUSY"}}
[debug] [2021-01-26T15:25:04.222Z] [runtime-status] [7576] Functions runtime initialized. {"cwd":"C:\\ReactProjects\\amazon-clone\\functions","node_version":"12.18.3"} {"metadata":{"emulator":{"name":"functions"},"message":"[runtime-status] [7576] Functions runtime initialized. {\"cwd\":\"C:\\\\ReactProjects\\\\amazon-clone\\\\functions\",\"node_version\":\"12.18.3\"}"}}
[debug] [2021-01-26T15:25:04.223Z] [runtime-status] [7576] Disabled runtime features: undefined {"metadata":{"emulator":{"name":"functions"},"message":"[runtime-status] [7576] Disabled runtime features: undefined"}}
[debug] [2021-01-26T15:25:04.226Z] [runtime-status] [7576] Resolved module firebase-admin {"declared":true,"installed":true,"version":"9.4.2","resolution":"C:\\ReactProjects\\amazon-clone\\functions\\node_modules\\firebase-admin\\lib\\index.js"} {"metadata":{"emulator":{"name":"functions"},"message":"[runtime-status] [7576] Resolved module firebase-admin {\"declared\":true,\"installed\":true,\"version\":\"9.4.2\",\"resolution\":\"C:\\\\ReactProjects\\\\amazon-clone\\\\functions\\\\node_modules\\\\firebase-admin\\\\lib\\\\index.js\"}"}}
[debug] [2021-01-26T15:25:04.228Z] [runtime-status] [7576] Resolved module firebase-functions {"declared":true,"installed":true,"version":"3.13.1","resolution":"C:\\ReactProjects\\amazon-clone\\functions\\node_modules\\firebase-functions\\lib\\index.js"} {"metadata":{"emulator":{"name":"functions"},"message":"[runtime-status] [7576] Resolved module firebase-functions {\"declared\":true,\"installed\":true,\"version\":\"3.13.1\",\"resolution\":\"C:\\\\ReactProjects\\\\amazon-clone\\\\functions\\\\node_modules\\\\firebase-functions\\\\lib\\\\index.js\"}"}}
[debug] [2021-01-26T15:25:04.229Z] [runtime-status] [7576] Resolved module firebase-functions {"declared":true,"installed":true,"version":"3.13.1","resolution":"C:\\ReactProjects\\amazon-clone\\functions\\node_modules\\firebase-functions\\lib\\index.js"} {"metadata":{"emulator":{"name":"functions"},"message":"[runtime-status] [7576] Resolved module firebase-functions {\"declared\":true,\"installed\":true,\"version\":\"3.13.1\",\"resolution\":\"C:\\\\ReactProjects\\\\amazon-clone\\\\functions\\\\node_modules\\\\firebase-functions\\\\lib\\\\index.js\"}"}}
[debug] [2021-01-26T15:25:04.230Z] [runtime-status] [7576] Outgoing network have been stubbed. [{"name":"http","status":"mocked"},{"name":"http","status":"mocked"},{"name":"https","status":"mocked"},{"name":"https","status":"mocked"},{"name":"net","status":"mocked"}] {"metadata":{"emulator":{"name":"functions"},"message":"[runtime-status] [7576] Outgoing network have been stubbed. [{\"name\":\"http\",\"status\":\"mocked\"},{\"name\":\"http\",\"status\":\"mocked\"},{\"name\":\"https\",\"status\":\"mocked\"},{\"name\":\"https\",\"status\":\"mocked\"},{\"name\":\"net\",\"status\":\"mocked\"}]"}}
[debug] [2021-01-26T15:25:04.231Z] [runtime-status] [7576] Resolved module firebase-functions {"declared":true,"installed":true,"version":"3.13.1","resolution":"C:\\ReactProjects\\amazon-clone\\functions\\node_modules\\firebase-functions\\lib\\index.js"} {"metadata":{"emulator":{"name":"functions"},"message":"[runtime-status] [7576] Resolved module firebase-functions {\"declared\":true,\"installed\":true,\"version\":\"3.13.1\",\"resolution\":\"C:\\\\ReactProjects\\\\amazon-clone\\\\functions\\\\node_modules\\\\firebase-functions\\\\lib\\\\index.js\"}"}}
[debug] [2021-01-26T15:25:04.279Z] [runtime-status] [7576] Checked functions.config() {"config":{}} {"metadata":{"emulator":{"name":"functions"},"message":"[runtime-status] [7576] Checked functions.config() {\"config\":{}}"}}
[debug] [2021-01-26T15:25:04.280Z] [runtime-status] [7576] firebase-functions has been stubbed. {"functionsResolution":{"declared":true,"installed":true,"version":"3.13.1","resolution":"C:\\ReactProjects\\amazon-clone\\functions\\node_modules\\firebase-functions\\lib\\index.js"}} {"metadata":{"emulator":{"name":"functions"},"message":"[runtime-status] [7576] firebase-functions has been stubbed. {\"functionsResolution\":{\"declared\":true,\"installed\":true,\"version\":\"3.13.1\",\"resolution\":\"C:\\\\ReactProjects\\\\amazon-clone\\\\functions\\\\node_modules\\\\firebase-functions\\\\lib\\\\index.js\"}}"}}
[debug] [2021-01-26T15:25:04.280Z] [runtime-status] [7576] Resolved module firebase-functions {"declared":true,"installed":true,"version":"3.13.1","resolution":"C:\\ReactProjects\\amazon-clone\\functions\\node_modules\\firebase-functions\\lib\\index.js"} {"metadata":{"emulator":{"name":"functions"},"message":"[runtime-status] [7576] Resolved module firebase-functions {\"declared\":true,\"installed\":true,\"version\":\"3.13.1\",\"resolution\":\"C:\\\\ReactProjects\\\\amazon-clone\\\\functions\\\\node_modules\\\\firebase-functions\\\\lib\\\\index.js\"}"}}
[debug] [2021-01-26T15:25:04.282Z] [runtime-status] [7576] Resolved module firebase-admin {"declared":true,"installed":true,"version":"9.4.2","resolution":"C:\\ReactProjects\\amazon-clone\\functions\\node_modules\\firebase-admin\\lib\\index.js"} {"metadata":{"emulator":{"name":"functions"},"message":"[runtime-status] [7576] Resolved module firebase-admin {\"declared\":true,\"installed\":true,\"version\":\"9.4.2\",\"resolution\":\"C:\\\\ReactProjects\\\\amazon-clone\\\\functions\\\\node_modules\\\\firebase-admin\\\\lib\\\\index.js\"}"}}
[debug] [2021-01-26T15:25:04.282Z] [runtime-status] [7576] Resolved module firebase-functions {"declared":true,"installed":true,"version":"3.13.1","resolution":"C:\\ReactProjects\\amazon-clone\\functions\\node_modules\\firebase-functions\\lib\\index.js"} {"metadata":{"emulator":{"name":"functions"},"message":"[runtime-status] [7576] Resolved module firebase-functions {\"declared\":true,\"installed\":true,\"version\":\"3.13.1\",\"resolution\":\"C:\\\\ReactProjects\\\\amazon-clone\\\\functions\\\\node_modules\\\\firebase-functions\\\\lib\\\\index.js\"}"}}
[debug] [2021-01-26T15:25:04.282Z] [runtime-status] [7576] firebase-admin has been stubbed. {"adminResolution":{"declared":true,"installed":true,"version":"9.4.2","resolution":"C:\\ReactProjects\\amazon-clone\\functions\\node_modules\\firebase-admin\\lib\\index.js"}} {"metadata":{"emulator":{"name":"functions"},"message":"[runtime-status] [7576] firebase-admin has been stubbed. {\"adminResolution\":{\"declared\":true,\"installed\":true,\"version\":\"9.4.2\",\"resolution\":\"C:\\\\ReactProjects\\\\amazon-clone\\\\functions\\\\node_modules\\\\firebase-admin\\\\lib\\\\index.js\"}}"}}
[info] +  functions[api]: http function initialized (http://localhost:5001/challenge-9e36d/us-central1/api). {"metadata":{"emulator":{"name":"functions"},"message":"\u001b[1mhttp\u001b[22m function initialized (http://localhost:5001/challenge-9e36d/us-central1/api)."}}
[info] 
┌─────────────────────────────────────────────────────────────┐
│ ✔  All emulators ready! It is now safe to connect your app. │
│ i  View Emulator UI at http://localhost:4001                │
└─────────────────────────────────────────────────────────────┘

┌───────────┬────────────────┬─────────────────────────────────┐
│ Emulator  │ Host:Port      │ View in Emulator UI             │
├───────────┼────────────────┼─────────────────────────────────┤
│ Functions │ localhost:5001 │ http://localhost:4001/functions │
├───────────┼────────────────┼─────────────────────────────────┤
│ Hosting   │ localhost:5000 │ n/a                             │
└───────────┴────────────────┴─────────────────────────────────┘
  Emulator Hub running at localhost:4400
  Other reserved ports: 4500

Issues? Report them at https://github.com/firebase/firebase-tools/issues and attach the *-debug.log files.
 
[debug] [2021-01-26T15:25:04.516Z] [worker-~diagnostic~-d241cc16-26d6-4c16-8a61-93781be292b4]: IDLE {"metadata":{"emulator":{"name":"functions"},"message":"[worker-~diagnostic~-d241cc16-26d6-4c16-8a61-93781be292b4]: IDLE"}}
[debug] [2021-01-26T19:00:36.411Z] ----------------------------------------------------------------------
[debug] [2021-01-26T19:00:36.414Z] Command:       C:\Program Files\nodejs\node.exe C:\Users\Godson Pius\AppData\Roaming\npm\node_modules\firebase-tools\lib\bin\firebase.js emulators:start
[debug] [2021-01-26T19:00:36.414Z] CLI Version:   9.2.2
[debug] [2021-01-26T19:00:36.415Z] Platform:      win32
[debug] [2021-01-26T19:00:36.415Z] Node Version:  v12.18.3
[debug] [2021-01-26T19:00:36.416Z] Time:          Tue Jan 26 2021 20:00:36 GMT+0100 (West Africa Standard Time)
[debug] [2021-01-26T19:00:36.416Z] ----------------------------------------------------------------------
[debug] [2021-01-26T19:00:36.416Z] 
[debug] [2021-01-26T19:00:36.605Z] >>> [apiv2][query] GET https://firebase-public.firebaseio.com/cli.json [none]
[debug] [2021-01-26T19:00:36.711Z] > command requires scopes: ["email","openid","https://www.googleapis.com/auth/cloudplatformprojects.readonly","https://www.googleapis.com/auth/firebase","https://www.googleapis.com/auth/cloud-platform"]
[debug] [2021-01-26T19:00:36.711Z] > authorizing via signed-in user
[info] i  emulators: Starting emulators: functions, hosting {"metadata":{"emulator":{"name":"hub"},"message":"Starting emulators: functions, hosting"}}
[warn] !  emulators: It seems that you are running multiple instances of the emulator suite for project challenge-9e36d. This may result in unexpected behavior. 
[debug] [2021-01-26T19:00:38.895Z] [hub] writing locator at C:\Users\GODSON~1\AppData\Local\Temp\hub-challenge-9e36d.json
[debug] [2021-01-26T19:00:40.423Z] <<< [apiv2][status] GET https://firebase-public.firebaseio.com/cli.json 200
[debug] [2021-01-26T19:00:40.424Z] <<< [apiv2][body] GET https://firebase-public.firebaseio.com/cli.json {"cloudBuildErrorAfter":1594252800000,"cloudBuildWarnAfter":1590019200000,"defaultNode10After":1594252800000,"minVersion":"3.0.5","node8DeploysDisabledAfter":1613390400000,"node8RuntimeDisabledAfter":1615809600000,"node8WarnAfter":1600128000000}
[warn] !  functions: The following emulators are not running, calls to these services from the Functions emulator will affect production: auth, firestore, database, pubsub {"metadata":{"emulator":{"name":"functions"},"message":"The following emulators are not running, calls to these services from the Functions emulator will affect production: \u001b[1mauth, firestore, database, pubsub\u001b[22m"}}
[info] +  functions: Using node@12 from host. {"metadata":{"emulator":{"name":"functions"},"message":"Using node@12 from host."}}
[debug] [2021-01-26T19:00:41.125Z] defaultcredentials: writing to file C:\Users\Godson Pius\AppData\Roaming\firebase\godsonazubuike15_gmail_com_application_default_credentials.json
[debug] [2021-01-26T19:00:41.129Z] Setting GAC to C:\Users\Godson Pius\AppData\Roaming\firebase\godsonazubuike15_gmail_com_application_default_credentials.json {"metadata":{"emulator":{"name":"functions"},"message":"Setting GAC to C:\\Users\\Godson Pius\\AppData\\Roaming\\firebase\\godsonazubuike15_gmail_com_application_default_credentials.json"}}
[debug] [2021-01-26T19:00:41.132Z] > refreshing access token with scopes: []
[debug] [2021-01-26T19:00:41.132Z] >>> HTTP REQUEST POST https://www.googleapis.com/oauth2/v3/token  
 <request body omitted>
[debug] [2021-01-26T19:00:42.001Z] <<< HTTP RESPONSE 200 {"expires":"Mon, 01 Jan 1990 00:00:00 GMT","date":"Tue, 26 Jan 2021 19:00:43 GMT","cache-control":"no-cache, no-store, max-age=0, must-revalidate","pragma":"no-cache","content-type":"application/json; charset=utf-8","vary":"X-Origin, Referer, Origin,Accept-Encoding","server":"scaffolding on HTTPServer2","x-xss-protection":"0","x-frame-options":"SAMEORIGIN","x-content-type-options":"nosniff","alt-svc":"h3-29=\":443\"; ma=2592000,h3-T051=\":443\"; ma=2592000,h3-Q050=\":443\"; ma=2592000,h3-Q046=\":443\"; ma=2592000,h3-Q043=\":443\"; ma=2592000,quic=\":443\"; ma=2592000; v=\"46,43\"","accept-ranges":"none","transfer-encoding":"chunked"}
[debug] [2021-01-26T19:00:42.209Z] >>> [apiv2][query] GET https://firebase.googleapis.com/v1beta1/projects/challenge-9e36d/adminSdkConfig [none]
[debug] [2021-01-26T19:00:43.286Z] <<< [apiv2][status] GET https://firebase.googleapis.com/v1beta1/projects/challenge-9e36d/adminSdkConfig 200
[debug] [2021-01-26T19:00:43.286Z] <<< [apiv2][body] GET https://firebase.googleapis.com/v1beta1/projects/challenge-9e36d/adminSdkConfig {"projectId":"challenge-9e36d","storageBucket":"challenge-9e36d.appspot.com","locationId":"us-central"}
[debug] [2021-01-26T19:00:45.718Z] >>> [apiv2][query] GET https://firebase.googleapis.com/v1beta1/projects/challenge-9e36d/webApps/-/config [none]
[debug] [2021-01-26T19:00:47.294Z] <<< [apiv2][status] GET https://firebase.googleapis.com/v1beta1/projects/challenge-9e36d/webApps/-/config 200
[debug] [2021-01-26T19:00:47.294Z] <<< [apiv2][body] GET https://firebase.googleapis.com/v1beta1/projects/challenge-9e36d/webApps/-/config {"projectId":"challenge-9e36d","appId":"1:1037217237350:web:7573283f8473adebfae0a7","storageBucket":"challenge-9e36d.appspot.com","locationId":"us-central","apiKey":"AIzaSyA-SwDNX6w0O9wZDX-B4HtrRb78oTsvSaQ","authDomain":"challenge-9e36d.firebaseapp.com","messagingSenderId":"1037217237350","measurementId":"G-SRMK4P0HZP"}
[info] i  hosting: Serving hosting files from: BUILD {"metadata":{"emulator":{"name":"hosting"},"message":"Serving hosting files from: \u001b[1mBUILD\u001b[22m"}}
[info] +  hosting: Local server: http://localhost:5000 {"metadata":{"emulator":{"name":"hosting"},"message":"Local server: \u001b[4m\u001b[1mhttp://localhost:5000\u001b[22m\u001b[24m"}}
[debug] [2021-01-26T19:00:51.924Z] Ignoring unsupported arg: auto_download {"metadata":{"emulator":{"name":"ui"},"message":"Ignoring unsupported arg: auto_download"}}
[debug] [2021-01-26T19:00:51.924Z] Ignoring unsupported arg: port {"metadata":{"emulator":{"name":"ui"},"message":"Ignoring unsupported arg: port"}}
[debug] [2021-01-26T19:00:51.924Z] Starting Emulator UI with command {"binary":"node","args":["C:\\Users\\Godson Pius\\.cache\\firebase\\emulators\\ui-v1.4.1\\server.bundle.js"],"optionalArgs":[],"joinArgs":false} {"metadata":{"emulator":{"name":"ui"},"message":"Starting Emulator UI with command {\"binary\":\"node\",\"args\":[\"C:\\\\Users\\\\Godson Pius\\\\.cache\\\\firebase\\\\emulators\\\\ui-v1.4.1\\\\server.bundle.js\"],\"optionalArgs\":[],\"joinArgs\":false}"}}
[info] i  ui: Emulator UI logging to ui-debug.log {"metadata":{"emulator":{"name":"ui"},"message":"Emulator UI logging to \u001b[1mui-debug.log\u001b[22m"}}
[debug] [2021-01-26T19:00:52.304Z] Web / API server started at http://localhost:4000
 {"metadata":{"emulator":{"name":"ui"},"message":"Web / API server started at http://localhost:4000\n"}}
[info] i  functions: Watching "C:\ReactProjects\amazon-clone\functions" for Cloud Functions... {"metadata":{"emulator":{"name":"functions"},"message":"Watching \"C:\\ReactProjects\\amazon-clone\\functions\" for Cloud Functions..."}}
[debug] [2021-01-26T19:00:52.581Z] [worker-pool] addWorker(~diagnostic~) {"metadata":{"emulator":{"name":"functions"},"message":"[worker-pool] addWorker(~diagnostic~)"}}
[debug] [2021-01-26T19:00:52.582Z] [worker-pool] Adding worker with key ~diagnostic~, total=1 {"metadata":{"emulator":{"name":"functions"},"message":"[worker-pool] Adding worker with key ~diagnostic~, total=1"}}
[debug] [2021-01-26T19:00:52.582Z] [worker-pool] submitWork(triggerId=) {"metadata":{"emulator":{"name":"functions"},"message":"[worker-pool] submitWork(triggerId=)"}}
[debug] [2021-01-26T19:00:52.582Z] [worker-~diagnostic~-71c99b91-8f02-4189-b169-3376ce9dde2a]: Assigning socketPath: \\?\pipe\C:\ReactProjects\amazon-clone\functions\9308 {"metadata":{"emulator":{"name":"functions"},"message":"[worker-~diagnostic~-71c99b91-8f02-4189-b169-3376ce9dde2a]: Assigning socketPath: \\\\?\\pipe\\C:\\ReactProjects\\amazon-clone\\functions\\9308"}}
[debug] [2021-01-26T19:00:52.583Z] [worker-~diagnostic~-71c99b91-8f02-4189-b169-3376ce9dde2a]: BUSY {"metadata":{"emulator":{"name":"functions"},"message":"[worker-~diagnostic~-71c99b91-8f02-4189-b169-3376ce9dde2a]: BUSY"}}
[debug] [2021-01-26T19:00:53.016Z] [runtime-status] [9308] Functions runtime initialized. {"cwd":"C:\\ReactProjects\\amazon-clone\\functions","node_version":"12.18.3"} {"metadata":{"emulator":{"name":"functions"},"message":"[runtime-status] [9308] Functions runtime initialized. {\"cwd\":\"C:\\\\ReactProjects\\\\amazon-clone\\\\functions\",\"node_version\":\"12.18.3\"}"}}
[debug] [2021-01-26T19:00:53.016Z] [runtime-status] [9308] Disabled runtime features: undefined {"metadata":{"emulator":{"name":"functions"},"message":"[runtime-status] [9308] Disabled runtime features: undefined"}}
[debug] [2021-01-26T19:00:53.040Z] [runtime-status] [9308] Resolved module firebase-admin {"declared":true,"installed":true,"version":"9.4.2","resolution":"C:\\ReactProjects\\amazon-clone\\functions\\node_modules\\firebase-admin\\lib\\index.js"} {"metadata":{"emulator":{"name":"functions"},"message":"[runtime-status] [9308] Resolved module firebase-admin {\"declared\":true,\"installed\":true,\"version\":\"9.4.2\",\"resolution\":\"C:\\\\ReactProjects\\\\amazon-clone\\\\functions\\\\node_modules\\\\firebase-admin\\\\lib\\\\index.js\"}"}}
[debug] [2021-01-26T19:00:53.080Z] [runtime-status] [9308] Resolved module firebase-functions {"declared":true,"installed":true,"version":"3.13.1","resolution":"C:\\ReactProjects\\amazon-clone\\functions\\node_modules\\firebase-functions\\lib\\index.js"} {"metadata":{"emulator":{"name":"functions"},"message":"[runtime-status] [9308] Resolved module firebase-functions {\"declared\":true,\"installed\":true,\"version\":\"3.13.1\",\"resolution\":\"C:\\\\ReactProjects\\\\amazon-clone\\\\functions\\\\node_modules\\\\firebase-functions\\\\lib\\\\index.js\"}"}}
[debug] [2021-01-26T19:00:53.081Z] [runtime-status] [9308] Resolved module firebase-functions {"declared":true,"installed":true,"version":"3.13.1","resolution":"C:\\ReactProjects\\amazon-clone\\functions\\node_modules\\firebase-functions\\lib\\index.js"} {"metadata":{"emulator":{"name":"functions"},"message":"[runtime-status] [9308] Resolved module firebase-functions {\"declared\":true,\"installed\":true,\"version\":\"3.13.1\",\"resolution\":\"C:\\\\ReactProjects\\\\amazon-clone\\\\functions\\\\node_modules\\\\firebase-functions\\\\lib\\\\index.js\"}"}}
[debug] [2021-01-26T19:00:53.084Z] [runtime-status] [9308] Outgoing network have been stubbed. [{"name":"http","status":"mocked"},{"name":"http","status":"mocked"},{"name":"https","status":"mocked"},{"name":"https","status":"mocked"},{"name":"net","status":"mocked"}] {"metadata":{"emulator":{"name":"functions"},"message":"[runtime-status] [9308] Outgoing network have been stubbed. [{\"name\":\"http\",\"status\":\"mocked\"},{\"name\":\"http\",\"status\":\"mocked\"},{\"name\":\"https\",\"status\":\"mocked\"},{\"name\":\"https\",\"status\":\"mocked\"},{\"name\":\"net\",\"status\":\"mocked\"}]"}}
[debug] [2021-01-26T19:00:53.084Z] [runtime-status] [9308] Resolved module firebase-functions {"declared":true,"installed":true,"version":"3.13.1","resolution":"C:\\ReactProjects\\amazon-clone\\functions\\node_modules\\firebase-functions\\lib\\index.js"} {"metadata":{"emulator":{"name":"functions"},"message":"[runtime-status] [9308] Resolved module firebase-functions {\"declared\":true,\"installed\":true,\"version\":\"3.13.1\",\"resolution\":\"C:\\\\ReactProjects\\\\amazon-clone\\\\functions\\\\node_modules\\\\firebase-functions\\\\lib\\\\index.js\"}"}}
[debug] [2021-01-26T19:00:54.281Z] [runtime-status] [9308] Checked functions.config() {"config":{}} {"metadata":{"emulator":{"name":"functions"},"message":"[runtime-status] [9308] Checked functions.config() {\"config\":{}}"}}
[debug] [2021-01-26T19:00:54.282Z] [runtime-status] [9308] firebase-functions has been stubbed. {"functionsResolution":{"declared":true,"installed":true,"version":"3.13.1","resolution":"C:\\ReactProjects\\amazon-clone\\functions\\node_modules\\firebase-functions\\lib\\index.js"}} {"metadata":{"emulator":{"name":"functions"},"message":"[runtime-status] [9308] firebase-functions has been stubbed. {\"functionsResolution\":{\"declared\":true,\"installed\":true,\"version\":\"3.13.1\",\"resolution\":\"C:\\\\ReactProjects\\\\amazon-clone\\\\functions\\\\node_modules\\\\firebase-functions\\\\lib\\\\index.js\"}}"}}
[debug] [2021-01-26T19:00:54.282Z] [runtime-status] [9308] Resolved module firebase-functions {"declared":true,"installed":true,"version":"3.13.1","resolution":"C:\\ReactProjects\\amazon-clone\\functions\\node_modules\\firebase-functions\\lib\\index.js"} {"metadata":{"emulator":{"name":"functions"},"message":"[runtime-status] [9308] Resolved module firebase-functions {\"declared\":true,\"installed\":true,\"version\":\"3.13.1\",\"resolution\":\"C:\\\\ReactProjects\\\\amazon-clone\\\\functions\\\\node_modules\\\\firebase-functions\\\\lib\\\\index.js\"}"}}
[debug] [2021-01-26T19:00:54.283Z] [runtime-status] [9308] Resolved module firebase-admin {"declared":true,"installed":true,"version":"9.4.2","resolution":"C:\\ReactProjects\\amazon-clone\\functions\\node_modules\\firebase-admin\\lib\\index.js"} {"metadata":{"emulator":{"name":"functions"},"message":"[runtime-status] [9308] Resolved module firebase-admin {\"declared\":true,\"installed\":true,\"version\":\"9.4.2\",\"resolution\":\"C:\\\\ReactProjects\\\\amazon-clone\\\\functions\\\\node_modules\\\\firebase-admin\\\\lib\\\\index.js\"}"}}
[debug] [2021-01-26T19:00:54.284Z] [runtime-status] [9308] Resolved module firebase-functions {"declared":true,"installed":true,"version":"3.13.1","resolution":"C:\\ReactProjects\\amazon-clone\\functions\\node_modules\\firebase-functions\\lib\\index.js"} {"metadata":{"emulator":{"name":"functions"},"message":"[runtime-status] [9308] Resolved module firebase-functions {\"declared\":true,\"installed\":true,\"version\":\"3.13.1\",\"resolution\":\"C:\\\\ReactProjects\\\\amazon-clone\\\\functions\\\\node_modules\\\\firebase-functions\\\\lib\\\\index.js\"}"}}
[debug] [2021-01-26T19:00:54.284Z] [runtime-status] [9308] firebase-admin has been stubbed. {"adminResolution":{"declared":true,"installed":true,"version":"9.4.2","resolution":"C:\\ReactProjects\\amazon-clone\\functions\\node_modules\\firebase-admin\\lib\\index.js"}} {"metadata":{"emulator":{"name":"functions"},"message":"[runtime-status] [9308] firebase-admin has been stubbed. {\"adminResolution\":{\"declared\":true,\"installed\":true,\"version\":\"9.4.2\",\"resolution\":\"C:\\\\ReactProjects\\\\amazon-clone\\\\functions\\\\node_modules\\\\firebase-admin\\\\lib\\\\index.js\"}}"}}
[info] +  functions[api]: http function initialized (http://localhost:5001/challenge-9e36d/us-central1/api). {"metadata":{"emulator":{"name":"functions"},"message":"\u001b[1mhttp\u001b[22m function initialized (http://localhost:5001/challenge-9e36d/us-central1/api)."}}
[info] 
┌─────────────────────────────────────────────────────────────┐
│ ✔  All emulators ready! It is now safe to connect your app. │
│ i  View Emulator UI at http://localhost:4000                │
└─────────────────────────────────────────────────────────────┘

┌───────────┬────────────────┬─────────────────────────────────┐
│ Emulator  │ Host:Port      │ View in Emulator UI             │
├───────────┼────────────────┼─────────────────────────────────┤
│ Functions │ localhost:5001 │ http://localhost:4000/functions │
├───────────┼────────────────┼─────────────────────────────────┤
│ Hosting   │ localhost:5000 │ n/a                             │
└───────────┴────────────────┴─────────────────────────────────┘
  Emulator Hub running at localhost:4400
  Other reserved ports: 4500

Issues? Report them at https://github.com/firebase/firebase-tools/issues and attach the *-debug.log files.
 
[debug] [2021-01-26T19:01:01.973Z] [worker-~diagnostic~-71c99b91-8f02-4189-b169-3376ce9dde2a]: IDLE {"metadata":{"emulator":{"name":"functions"},"message":"[worker-~diagnostic~-71c99b91-8f02-4189-b169-3376ce9dde2a]: IDLE"}}
